<?xml version="1.0" encoding="UTF-8"?>
<testng-results skipped="0" failed="0" ignored="0" total="1" passed="1">
  <reporter-output>
  </reporter-output>
  <suite name="Default suite" duration-ms="4230" started-at="2017-04-03T10:16:40Z" finished-at="2017-04-03T10:16:44Z">
    <groups>
    </groups>
    <test name="Default test" duration-ms="4230" started-at="2017-04-03T10:16:40Z" finished-at="2017-04-03T10:16:44Z">
      <class name="Test1">
        <test-method status="PASS" signature="openURL()[pri:0, instance:Test1@2abf4075]" name="openURL" duration-ms="4209" started-at="2017-04-03T15:46:40Z" finished-at="2017-04-03T15:46:44Z">
          <reporter-output>
          </reporter-output>
        </test-method> <!-- openURL -->
      </class> <!-- Test1 -->
    </test> <!-- Default test -->
  </suite> <!-- Default suite -->
</testng-results>
